<?xml version="1.0" encoding="UTF-8"?>
<testng-results ignored="0" total="4" passed="3" failed="1" skipped="0">
  <reporter-output>
  </reporter-output>
  <suite started-at="2022-04-28T16:12:38 IST" name="Suite" finished-at="2022-04-28T16:14:12 IST" duration-ms="94641">
    <groups>
    </groups>
    <test started-at="2022-04-28T16:12:38 IST" name="Validations" finished-at="2022-04-28T16:13:47 IST" duration-ms="69945">
      <class name="fullFramework.ValidationsLandingpg">
        <test-method is-config="true" signature="initializing()[pri:0, instance:fullFramework.ValidationsLandingpg@6650813a]" started-at="2022-04-28T16:12:38 IST" name="initializing" finished-at="2022-04-28T16:13:39 IST" duration-ms="61096" status="PASS">
          <reporter-output>
          </reporter-output>
        </test-method> <!-- initializing -->
        <test-method signature="validTitle()[pri:0, instance:fullFramework.ValidationsLandingpg@6650813a]" started-at="2022-04-28T16:13:39 IST" name="validTitle" finished-at="2022-04-28T16:13:39 IST" duration-ms="793" status="FAIL">
          <exception class="java.lang.AssertionError">
            <message>
              <![CDATA[expected [FEATURED COURSES123] but found [FEATURED COURSES]]]>
            </message>
            <full-stacktrace>
              <![CDATA[java.lang.AssertionError: expected [FEATURED COURSES123] but found [FEATURED COURSES]
at org.testng.Assert.fail(Assert.java:110)
at org.testng.Assert.failNotEquals(Assert.java:1413)
at org.testng.Assert.assertEqualsImpl(Assert.java:149)
at org.testng.Assert.assertEquals(Assert.java:131)
at org.testng.Assert.assertEquals(Assert.java:655)
at org.testng.Assert.assertEquals(Assert.java:665)
at fullFramework.ValidationsLandingpg.validTitle(ValidationsLandingpg.java:42)
at java.base/jdk.internal.reflect.NativeMethodAccessorImpl.invoke0(Native Method)
at java.base/jdk.internal.reflect.NativeMethodAccessorImpl.invoke(NativeMethodAccessorImpl.java:62)
at java.base/jdk.internal.reflect.DelegatingMethodAccessorImpl.invoke(DelegatingMethodAccessorImpl.java:43)
at java.base/java.lang.reflect.Method.invoke(Method.java:566)
at org.testng.internal.invokers.MethodInvocationHelper.invokeMethod(MethodInvocationHelper.java:135)
at org.testng.internal.invokers.TestInvoker.invokeMethod(TestInvoker.java:673)
at org.testng.internal.invokers.TestInvoker.invokeTestMethod(TestInvoker.java:220)
at org.testng.internal.invokers.MethodRunner.runInSequence(MethodRunner.java:50)
at org.testng.internal.invokers.TestInvoker$MethodInvocationAgent.invoke(TestInvoker.java:945)
at org.testng.internal.invokers.TestInvoker.invokeTestMethods(TestInvoker.java:193)
at org.testng.internal.invokers.TestMethodWorker.invokeTestMethods(TestMethodWorker.java:146)
at org.testng.internal.invokers.TestMethodWorker.run(TestMethodWorker.java:128)
at java.base/java.util.ArrayList.forEach(ArrayList.java:1541)
at org.testng.TestRunner.privateRun(TestRunner.java:808)
at org.testng.TestRunner.run(TestRunner.java:603)
at org.testng.SuiteRunner.runTest(SuiteRunner.java:429)
at org.testng.SuiteRunner.access$000(SuiteRunner.java:32)
at org.testng.SuiteRunner$SuiteWorker.run(SuiteRunner.java:467)
at org.testng.internal.thread.ThreadUtil.lambda$execute$0(ThreadUtil.java:58)
at java.base/java.util.concurrent.FutureTask.run(FutureTask.java:264)
at java.base/java.util.concurrent.ThreadPoolExecutor.runWorker(ThreadPoolExecutor.java:1128)
at java.base/java.util.concurrent.ThreadPoolExecutor$Worker.run(ThreadPoolExecutor.java:628)
at java.base/java.lang.Thread.run(Thread.java:834)
]]>
            </full-stacktrace>
          </exception> <!-- java.lang.AssertionError -->
          <reporter-output>
          </reporter-output>
        </test-method> <!-- validTitle -->
        <test-method signature="validnav()[pri:0, instance:fullFramework.ValidationsLandingpg@6650813a]" started-at="2022-04-28T16:13:44 IST" name="validnav" finished-at="2022-04-28T16:13:44 IST" duration-ms="317" status="PASS">
          <reporter-output>
          </reporter-output>
        </test-method> <!-- validnav -->
        <test-method is-config="true" signature="teartown()[pri:0, instance:fullFramework.ValidationsLandingpg@6650813a]" started-at="2022-04-28T16:13:44 IST" name="teartown" finished-at="2022-04-28T16:13:47 IST" duration-ms="3198" status="PASS">
          <reporter-output>
          </reporter-output>
        </test-method> <!-- teartown -->
      </class> <!-- fullFramework.ValidationsLandingpg -->
    </test> <!-- Validations -->
    <test started-at="2022-04-28T16:12:38 IST" name="Home" finished-at="2022-04-28T16:14:12 IST" duration-ms="94641">
      <class name="fullFramework.Homepage">
        <test-method is-config="true" signature="initialization()[pri:0, instance:fullFramework.Homepage@772485dd]" started-at="2022-04-28T16:12:38 IST" name="initialization" finished-at="2022-04-28T16:13:02 IST" duration-ms="24165" status="PASS">
          <reporter-output>
          </reporter-output>
        </test-method> <!-- initialization -->
        <test-method signature="home(java.lang.String,java.lang.String)[pri:0, instance:fullFramework.Homepage@772485dd]" started-at="2022-04-28T16:13:02 IST" name="home" data-provider="getData" finished-at="2022-04-28T16:13:46 IST" duration-ms="44488" status="PASS">
          <params>
            <param index="0">
              <value>
                <![CDATA[abc]]>
              </value>
            </param>
            <param index="1">
              <value>
                <![CDATA[def]]>
              </value>
            </param>
          </params>
          <reporter-output>
          </reporter-output>
        </test-method> <!-- home -->
        <test-method signature="home(java.lang.String,java.lang.String)[pri:0, instance:fullFramework.Homepage@772485dd]" started-at="2022-04-28T16:13:46 IST" name="home" data-provider="getData" finished-at="2022-04-28T16:14:12 IST" duration-ms="25265" status="PASS">
          <params>
            <param index="0">
              <value>
                <![CDATA[cba]]>
              </value>
            </param>
            <param index="1">
              <value>
                <![CDATA[fed]]>
              </value>
            </param>
          </params>
          <reporter-output>
          </reporter-output>
        </test-method> <!-- home -->
        <test-method is-config="true" signature="teartown()[pri:0, instance:fullFramework.Homepage@772485dd]" started-at="2022-04-28T16:14:12 IST" name="teartown" finished-at="2022-04-28T16:14:12 IST" duration-ms="649" status="PASS">
          <reporter-output>
          </reporter-output>
        </test-method> <!-- teartown -->
      </class> <!-- fullFramework.Homepage -->
    </test> <!-- Home -->
  </suite> <!-- Suite -->
</testng-results>
